f:\zrz.demo\c++.standard.library\cplusplusstandardlibrary\debug\cplusplusstandardlibrary.pch
f:\zrz.demo\c++.standard.library\cplusplusstandardlibrary\debug\vc120.pdb
f:\zrz.demo\c++.standard.library\cplusplusstandardlibrary\debug\vc120.idb
f:\zrz.demo\c++.standard.library\cplusplusstandardlibrary\debug\stdafx.obj
f:\zrz.demo\c++.standard.library\cplusplusstandardlibrary\debug\1config-inclass-init.obj
f:\zrz.demo\c++.standard.library\cplusplusstandardlibrary\debug\1config-operator-overloading.obj
f:\zrz.demo\c++.standard.library\cplusplusstandardlibrary\debug\1config-temporary-object.obj
f:\zrz.demo\c++.standard.library\cplusplusstandardlibrary\debug\1config10.obj
f:\zrz.demo\c++.standard.library\cplusplusstandardlibrary\debug\1config11.obj
f:\zrz.demo\c++.standard.library\cplusplusstandardlibrary\debug\1config12.obj
f:\zrz.demo\c++.standard.library\cplusplusstandardlibrary\debug\1config13.obj
f:\zrz.demo\c++.standard.library\cplusplusstandardlibrary\debug\1config14.obj
f:\zrz.demo\c++.standard.library\cplusplusstandardlibrary\debug\1config5.obj
f:\zrz.demo\c++.standard.library\cplusplusstandardlibrary\debug\1config6.obj
f:\zrz.demo\c++.standard.library\cplusplusstandardlibrary\debug\1config8.obj
f:\zrz.demo\c++.standard.library\cplusplusstandardlibrary\debug\1functor.obj
f:\zrz.demo\c++.standard.library\cplusplusstandardlibrary\debug\2jjalloc.obj
f:\zrz.demo\c++.standard.library\cplusplusstandardlibrary\debug\malloc_alloc_template.obj
f:\zrz.demo\c++.standard.library\cplusplusstandardlibrary\debug\cplusplusstandardlibrary.obj
f:\zrz.demo\c++.standard.library\cplusplusstandardlibrary\debug\cplusplu.f10c35dd.tlog\cl.command.1.tlog
f:\zrz.demo\c++.standard.library\cplusplusstandardlibrary\debug\cplusplu.f10c35dd.tlog\cl.read.1.tlog
f:\zrz.demo\c++.standard.library\cplusplusstandardlibrary\debug\cplusplu.f10c35dd.tlog\cl.write.1.tlog
